95......lang.txt file exists
103......null
108......MG DT: 1
114......Manager step: 1
1135......MG DT: 2
1349......MG DT: 3
1353......Manager step: 2
1360......MG DT: 3
1365......Manager step: 3
1390......MG DT: 4
1443......MG DT: 5
1497......MG DT: 6
1548......MG DT: 7
1577......MG DT: 8
1581......Manager step: 8
1586......BookBake.swf
1667......MG DT: 9
2320......Slot Path: https://s3.amazonaws.com/quranflash/assets/audio/verses/Mishary/013.zip
2346......Added Slot: Ar-Ra'd - Mishary Al-Afasy
2899......os: Windows 8
2903......C:\Users\Mapple\AppData\Roaming\desktop.quranflash\Local Store\perm
2912......app-storage:/perm
2920......C:\Users\Mapple\AppData\Roaming\desktop.quranflash\Local Store\permTemp
2951......2.0
2955......2.0
2959......Manager step: 9
3138......from down
3143......bb step: 1
3148......yooooo
3152......C:\Users\Mapple\AppData\Roaming\desktop.quranflash\Local Store\perm\books\Medina1/
3156......
3161......C:\Users\Mapple\AppData\Roaming\desktop.quranflash\Local Store\perm\books\Medina1/settings.dat
3166......OK
3170......OK
3396......DDD
3400......complete
3405......dmmmmm
3409......from down
3413......bb step: 2
3488......from down
3492......bb step: 3
3495......from down
3500......bb step: 4
3503......from down
3507......bb step: 5
3511......from down
3515......bb step: 6
3559......from down
3563......bb step: 7
3627......from down
3632......bb step: 8
3669......from down
3673......bb step: 9
3777......from down
3781......bb step: 10
3899......from down
3902......bb step: 11
4006......from down
4010......bb step: 12
4014......from down
4017......bb step: 13
4062......from down
4066......bb step: 14
4152......from down
4156......bb step: 15
4176......MG DT: 10
4180......Manager step: 10
4185......MG DT: 11
4188......Manager step: 11
4194......from down
4198......bb step: 16
4267......MG DT: 12
4271......Manager step: 12
4276......loaded verses!
4280......2
4397......MG DT: 13
4401......MG DT: 14
4413......sub: 1
4418......function Function() {}
4422......oh?
4427......getURLRequest Get file
4431......[object Object]
4435......Repository.dat
4610......checkForUpdates
4614......sub: 2
4618......function Function() {}
4623......oh?
4629......getURLRequest Get file
4634......[object Object]
4638......C:\Users\Mapple\AppData\Roaming\desktop.quranflash\Local Store\perm\books\Medina1/config.xml
4680......sub: 3
4692......function Function() {}
4696......oh?
4764......0  0  object  [object DynamicLoader]
4768......1  1  object  [object DynamicLoader]
4771......2  2  object  [object DynamicLoader]
4805......sub: 4
4817......function Function() {}
4821......oh?
4826......from down
4829......bb step: 17
5889......init tafseer
5966......from down
5970......bb step: 18
5975......from down
5979......bb step: 19
5985......LISTEN!!!
6111......online version: 1.3
6115......current version: 1.3
6931......false
7304......false
7562......false
12553......0  9  object  [object DynamicLoader]
12561......1  10  object  [object DynamicLoader]
12957......false
12962......0  10  object  [object DynamicLoader]
12968......1  8  object  [object DynamicLoader]
12974......SequentialLoader when closing loader.. Error: Error #2029
12979......1  7  object  [object DynamicLoader]
12984......SequentialLoader when closing loader.. Error: Error #2029
12989......1  19  object  [object DynamicLoader]
12994......2  20  object  [object DynamicLoader]
13114......0  19  object  [object DynamicLoader]
13117......1  20  object  [object DynamicLoader]
13121......SequentialLoader when closing loader.. Error: Error #2029
13125......1  18  object  [object DynamicLoader]
13129......SequentialLoader when closing loader.. Error: Error #2029
13132......1  21  object  [object DynamicLoader]
13135......SequentialLoader when closing loader.. Error: Error #2029
13139......1  17  object  [object DynamicLoader]
13143......SequentialLoader when closing loader.. Error: Error #2029
13146......1  22  object  [object DynamicLoader]
13150......SequentialLoader when closing loader.. Error: Error #2029
13153......1  29  object  [object DynamicLoader]
13157......2  30  object  [object DynamicLoader]
13343......false
13348......0  19  object  [object DynamicLoader]
13351......1  29  object  [object DynamicLoader]
13355......SequentialLoader when closing loader.. Error: Error #2029
13359......1  30  object  [object DynamicLoader]
13363......SequentialLoader when closing loader.. Error: Error #2029
13366......1  28  object  [object DynamicLoader]
13370......SequentialLoader when closing loader.. Error: Error #2029
13374......1  31  object  [object DynamicLoader]
13377......SequentialLoader when closing loader.. Error: Error #2029
13381......1  27  object  [object DynamicLoader]
13385......SequentialLoader when closing loader.. Error: Error #2029
13388......1  32  object  [object DynamicLoader]
13392......SequentialLoader when closing loader.. Error: Error #2029
13395......1  39  object  [object DynamicLoader]
13399......2  40  object  [object DynamicLoader]
13712......false
14074......false
14417......false
14713......false
14959......constructHotSpots 51
14963......in
14972......ver: 2
14976......<button x="66" y="57" w="345" h="38" id="v2_283_1"/>
14981......<button x="66" y="95" w="345" h="38" id="v2_283_2"/>
14985......<button x="66" y="132" w="345" h="38" id="v2_283_3"/>
14989......<button x="184" y="170" w="227" h="38" id="v2_283_4"/>
14993......<button x="66" y="170" w="118" h="38" id="v2_284_1"/>
14997......<button x="66" y="207" w="345" h="38" id="v2_284_2"/>
15001......<button x="66" y="245" w="345" h="38" id="v2_284_3"/>
15006......<button x="228" y="282" w="183" h="38" id="v2_284_4"/>
15016......<button x="66" y="282" w="162" h="38" id="v2_285_1"/>
15022......<button x="66" y="320" w="345" h="38" id="v2_285_2"/>
15026......<button x="66" y="357" w="345" h="38" id="v2_285_3"/>
15031......<button x="120" y="395" w="291" h="38" id="v2_285_4"/>
15035......<button x="66" y="395" w="54" h="38" id="v2_286_1"/>
15040......<button x="66" y="432" w="345" h="38" id="v2_286_2"/>
15044......<button x="66" y="470" w="345" h="38" id="v2_286_3"/>
15048......<button x="66" y="507" w="345" h="38" id="v2_286_4"/>
15052......<button x="66" y="545" w="345" h="38" id="v2_286_5"/>
15056......<button x="66" y="582" w="345" h="38" id="v2_286_6"/>
15063......constructHotSpots 52
15067......in
15076......ver: 2
15080......<button x="371" y="132" w="40" h="38" id="v3_1"/>
15084......<button x="185" y="132" w="187" h="38" id="v3_2"/>
15088......<button x="66" y="132" w="119" h="38" id="v3_3_1"/>
15092......<button x="91" y="170" w="320" h="38" id="v3_3_2"/>
15096......<button x="66" y="170" w="25" h="38" id="v3_4_1"/>
15100......<button x="66" y="207" w="345" h="38" id="v3_4_2"/>
15105......<button x="159" y="245" w="252" h="38" id="v3_4_3"/>
15109......<button x="66" y="245" w="93" h="38" id="v3_5_1"/>
15113......<button x="179" y="282" w="232" h="38" id="v3_5_2"/>
15118......<button x="66" y="282" w="113" h="38" id="v3_6_1"/>
15122......<button x="97" y="320" w="314" h="38" id="v3_6_2"/>
15126......<button x="66" y="320" w="31" h="38" id="v3_7_1"/>
15131......<button x="66" y="357" w="345" h="38" id="v3_7_2"/>
15135......<button x="66" y="395" w="345" h="38" id="v3_7_3"/>
15139......<button x="66" y="432" w="345" h="38" id="v3_7_4"/>
15143......<button x="66" y="470" w="345" h="38" id="v3_7_5"/>
15152......<button x="204" y="507" w="207" h="38" id="v3_7_6"/>
15156......<button x="66" y="507" w="138" h="38" id="v3_8_1"/>
15160......<button x="95" y="545" w="316" h="38" id="v3_8_2"/>
15165......<button x="66" y="545" w="29" h="38" id="v3_9_1"/>
15169......<button x="66" y="582" w="345" h="38" id="v3_9_2"/>
15176......TypeError: Error #1010
15279......0  42  object  [object DynamicLoader]
15282......1  51  object  [object DynamicLoader]
15286......2  52  object  [object DynamicLoader]
15349......false
15352......false
15869......false
16260......false
16483......false
16672......false
16878......false
17026......false
17227......false
52817......0  157  object  [object DynamicLoader]
52824......1  158  object  [object DynamicLoader]
53137......0  157  object  [object DynamicLoader]
53143......1  158  object  [object DynamicLoader]
53150......SequentialLoader when closing loader.. Error: Error #2029
53156......1  156  object  [object DynamicLoader]
53162......SequentialLoader when closing loader.. Error: Error #2029
53168......1  159  object  [object DynamicLoader]
53174......SequentialLoader when closing loader.. Error: Error #2029
53180......1  155  object  [object DynamicLoader]
53186......SequentialLoader when closing loader.. Error: Error #2029
53192......1  160  object  [object DynamicLoader]
53198......SequentialLoader when closing loader.. Error: Error #2029
53204......1  263  object  [object DynamicLoader]
53209......2  264  object  [object DynamicLoader]
53384......false
53391......0  263  object  [object DynamicLoader]
53397......1  264  object  [object DynamicLoader]
53404......SequentialLoader when closing loader.. Error: Error #2029
53410......1  262  object  [object DynamicLoader]
53416......SequentialLoader when closing loader.. Error: Error #2029
53422......1  265  object  [object DynamicLoader]
53428......SequentialLoader when closing loader.. Error: Error #2029
53434......1  261  object  [object DynamicLoader]
53440......SequentialLoader when closing loader.. Error: Error #2029
53446......1  266  object  [object DynamicLoader]
53452......SequentialLoader when closing loader.. Error: Error #2029
53458......1  369  object  [object DynamicLoader]
53464......2  370  object  [object DynamicLoader]
53759......0  263  object  [object DynamicLoader]
53763......1  369  object  [object DynamicLoader]
53767......SequentialLoader when closing loader.. Error: Error #2029
53771......1  370  object  [object DynamicLoader]
53775......SequentialLoader when closing loader.. Error: Error #2029
53778......1  368  object  [object DynamicLoader]
53782......SequentialLoader when closing loader.. Error: Error #2029
53785......1  371  object  [object DynamicLoader]
53789......SequentialLoader when closing loader.. Error: Error #2029
53792......1  367  object  [object DynamicLoader]
53796......SequentialLoader when closing loader.. Error: Error #2029
53799......1  372  object  [object DynamicLoader]
53803......SequentialLoader when closing loader.. Error: Error #2029
53806......1  475  object  [object DynamicLoader]
53810......2  476  object  [object DynamicLoader]
53883......false
54507......false
54748......false
54865......false
55215......false
55384......constructHotSpots 581
55388......in
55397......ver: 2
55401......<button x="173" y="57" w="239" h="38" id="v76_6"/>
55405......<button x="66" y="57" w="107" h="38" id="v76_7_1"/>
55409......<button x="258" y="95" w="153" h="38" id="v76_7_2"/>
55412......<button x="66" y="95" w="192" h="38" id="v76_8_1"/>
55416......<button x="316" y="132" w="95" h="38" id="v76_8_2"/>
55420......<button x="66" y="132" w="250" h="38" id="v76_9_1"/>
55424......<button x="390" y="170" w="21" h="38" id="v76_9_2"/>
55428......<button x="188" y="170" w="202" h="38" id="v76_10"/>
55432......<button x="66" y="170" w="122" h="38" id="v76_11_1"/>
55441......<button x="247" y="207" w="164" h="38" id="v76_11_2"/>
55445......<button x="66" y="207" w="181" h="38" id="v76_12"/>
55448......<button x="66" y="245" w="345" h="38" id="v76_13"/>
55453......<button x="171" y="282" w="240" h="38" id="v76_14"/>
55457......<button x="66" y="282" w="105" h="38" id="v76_15_1"/>
55460......<button x="241" y="320" w="170" h="38" id="v76_15_2"/>
55465......<button x="66" y="320" w="175" h="38" id="v76_16"/>
55468......<button x="197" y="357" w="214" h="38" id="v76_17"/>
55472......<button x="66" y="357" w="131" h="38" id="v76_18_1"/>
55476......<button x="389" y="395" w="22" h="38" id="v76_18_2"/>
55481......<button x="66" y="395" w="323" h="38" id="v76_19_1"/>
55485......<button x="394" y="432" w="17" h="38" id="v76_19_2"/>
55488......<button x="185" y="432" w="209" h="38" id="v76_20"/>
55493......<button x="66" y="432" w="119" h="38" id="v76_21_1"/>
55497......<button x="66" y="470" w="345" h="38" id="v76_21_2"/>
55501......<button x="354" y="507" w="57" h="38" id="v76_21_3"/>
55504......<button x="88" y="507" w="266" h="38" id="v76_22"/>
55509......<button x="66" y="507" w="22" h="38" id="v76_23_1"/>
55512......<button x="215" y="545" w="196" h="38" id="v76_23_2"/>
55516......<button x="66" y="545" w="149" h="38" id="v76_24_1"/>
55520......<button x="257" y="582" w="154" h="38" id="v76_24_2"/>
55524......<button x="66" y="582" w="191" h="38" id="v76_25"/>
55528......constructHotSpots 582
55537......in
55547......ver: 2
55551......<button x="129" y="57" w="282" h="38" id="v76_26"/>
55555......<button x="66" y="57" w="63" h="38" id="v76_27_1"/>
55559......<button x="144" y="95" w="267" h="38" id="v76_27_2"/>
55563......<button x="66" y="95" w="78" h="38" id="v76_28_1"/>
55567......<button x="89" y="132" w="322" h="38" id="v76_28_2"/>
55571......<button x="66" y="132" w="23" h="38" id="v76_29_1"/>
55575......<button x="139" y="170" w="272" h="38" id="v76_29_2"/>
55579......<button x="66" y="170" w="73" h="38" id="v76_30_1"/>
55584......<button x="111" y="207" w="300" h="38" id="v76_30_2"/>
55588......<button x="66" y="207" w="45" h="38" id="v76_31_1"/>
55592......<button x="66" y="245" w="345" h="38" id="v76_31_2"/>
55596......<button x="307" y="357" w="104" h="38" id="v77_1"/>
55601......<button x="179" y="357" w="128" h="38" id="v77_2"/>
55605......<button x="66" y="357" w="113" h="38" id="v77_3"/>
55610......<button x="314" y="395" w="97" h="38" id="v77_4"/>
55614......<button x="200" y="395" w="113" h="38" id="v77_5"/>
55618......<button x="99" y="395" w="101" h="38" id="v77_6"/>
55627......<button x="66" y="395" w="33" h="38" id="v77_7_1"/>
55632......<button x="310" y="432" w="101" h="38" id="v77_7_2"/>
55636......<button x="180" y="432" w="130" h="38" id="v77_8"/>
55640......<button x="66" y="432" w="114" h="38" id="v77_9_1"/>
55644......<button x="393" y="470" w="19" h="38" id="v77_9_2"/>
55648......<button x="265" y="470" w="128" h="38" id="v77_10"/>
55652......<button x="153" y="470" w="112" h="38" id="v77_11"/>
55657......<button x="66" y="470" w="87" h="38" id="v77_12_1"/>
55661......<button x="396" y="507" w="15" h="38" id="v77_12_2"/>
55666......<button x="304" y="507" w="92" h="38" id="v77_13"/>
55670......<button x="139" y="507" w="164" h="38" id="v77_14"/>
55674......<button x="66" y="507" w="73" h="38" id="v77_15_1"/>
55678......<button x="324" y="545" w="87" h="38" id="v77_15_2"/>
55682......<button x="201" y="545" w="122" h="38" id="v77_16"/>
55686......<button x="66" y="545" w="135" h="38" id="v77_17_1"/>
55690......<button x="396" y="582" w="15" h="38" id="v77_17_2"/>
55694......<button x="229" y="582" w="167" h="38" id="v77_18"/>
55698......<button x="66" y="582" w="163" h="38" id="v77_19"/>
55702......TypeError: Error #1010
55799......0  581  object  [object DynamicLoader]
55804......1  582  object  [object DynamicLoader]
55976......false
55980......false
55984......false
56615......false
56899......false
57286......false
57403......false
57595......false
925757......Slot onComplete: [Event type="complete" bubbles=false cancelable=false eventPhase=2]
927041......Completed Slot: Ar-Ra'd - Mishary Al-Afasy
927100......zipError: [Event type="parseError" bubbles=false cancelable=false eventPhase=2]
927109......Ar-Ra'd - Mishary Al-Afasy
927173......Slot Path: https://s3.amazonaws.com/quranflash/assets/audio/verses/Mishary/014.zip
927228......Added Slot: Ibrahim - Mishary Al-Afasy
1383102......Slot onComplete: [Event type="complete" bubbles=false cancelable=false eventPhase=2]
1384133......Completed Slot: Ibrahim - Mishary Al-Afasy
1384148......zipError: [Event type="parseError" bubbles=false cancelable=false eventPhase=2]
1384154......Ibrahim - Mishary Al-Afasy
1384167......Slot Path: https://s3.amazonaws.com/quranflash/assets/audio/verses/Mishary/015.zip
1384200......Added Slot: Al-Hijr - Mishary Al-Afasy
1426329......Slot Load Error: [IOErrorEvent type="ioError" bubbles=false cancelable=false eventPhase=2 text="Error #2032" errorID=2032]
1426336......Canceled Slot: Al-Hijr - Mishary Al-Afasy
